<?xml version="1.0" encoding="UTF-8"?>
<!-- Generated by org.testng.reporters.JUnitReportReporter -->
<testsuite hostname="ip-172-31-150-152" failures="0" tests="1" name="com.qatechhub.tests.ContactUsTests" time="12.859" errors="0" timestamp="2020-11-17T05:45:45 UTC" skipped="0">
  <testcase classname="com.qatechhub.tests.ContactUsTests" name="verifyContactUsForm" time="12.859"/>
  <system-out/>
</testsuite> <!-- com.qatechhub.tests.ContactUsTests -->
